RUN	features.load.LoadSimulation	loadsimulation	1571869245087	 	3.0.2
USER	disabled	1	START	1571869245199	1571869245199
USER	disabled	2	START	1571869245522	1571869245522
USER	disabled	3	START	1571869245722	1571869245722
USER	disabled	4	START	1571869245923	1571869245923
USER	disabled	5	START	1571869246122	1571869246122
USER	disabled	6	START	1571869246322	1571869246322
USER	disabled	7	START	1571869246523	1571869246523
USER	disabled	8	START	1571869246723	1571869246723
USER	disabled	9	START	1571869246923	1571869246923
USER	disabled	10	START	1571869247132	1571869247132
USER	disabled	11	START	1571869247332	1571869247332
USER	disabled	12	START	1571869247405	1571869247405
USER	disabled	13	START	1571869247604	1571869247604
USER	disabled	14	START	1571869247802	1571869247802
REQUEST	11		GET /devcap/capabilities/v1WDC1671211Z000054	1571869247354	1571869247941	OK	 
USER	disabled	15	START	1571869248004	1571869248004
REQUEST	8		GET /devcap/capabilities/v1WDC1671211Z000054	1571869246746	1571869248024	OK	 
REQUEST	10		GET /devcap/capabilities/v1WDC1671211Z000054	1571869247153	1571869248025	OK	 
REQUEST	3		GET /devcap/capabilities/v1WDC1671211Z000054	1571869245982	1571869248206	OK	 
REQUEST	6		GET /devcap/capabilities/v1WDC1671211Z000054	1571869246348	1571869248205	OK	 
USER	disabled	16	START	1571869248204	1571869248204
REQUEST	1		GET /devcap/capabilities/v1WDC1671211Z000054	1571869245982	1571869248207	OK	 
REQUEST	4		GET /devcap/capabilities/v1WDC1671211Z000054	1571869245982	1571869248210	OK	 
REQUEST	9		GET /devcap/capabilities/v1WDC1671211Z000054	1571869246943	1571869248238	OK	 
REQUEST	2		GET /devcap/capabilities/v1WDC1671211Z000054	1571869245982	1571869248238	OK	 
REQUEST	7		GET /devcap/capabilities/v1WDC1671211Z000054	1571869246548	1571869248238	OK	 
REQUEST	5		GET /devcap/capabilities/v1WDC1671211Z000054	1571869246149	1571869248238	OK	 
REQUEST	13		GET /devcap/capabilities/v1WDC1671211Z000054	1571869247626	1571869248305	OK	 
REQUEST	12		GET /devcap/capabilities/v1WDC1671211Z000054	1571869247422	1571869248304	OK	 
USER	disabled	17	START	1571869248405	1571869248405
REQUEST	14		GET /devcap/capabilities/v1WDC1671211Z000054	1571869247821	1571869248437	OK	 
REQUEST	9		GET /devcap/capabilities/v1WDD1770871J031038	1571869248243	1571869248556	OK	 
USER	disabled	18	START	1571869248604	1571869248604
REQUEST	8		GET /devcap/capabilities/v1WDD1770871J031038	1571869248030	1571869248620	OK	 
REQUEST	3		GET /devcap/capabilities/v1WDD1770871J031038	1571869248217	1571869248633	OK	 
REQUEST	15		GET /devcap/capabilities/v1WDC1671211Z000054	1571869248019	1571869248649	OK	 
USER	disabled	19	START	1571869248802	1571869248802
REQUEST	7		GET /devcap/capabilities/v1WDD1770871J031038	1571869248243	1571869248805	OK	 
REQUEST	10		GET /devcap/capabilities/v1WDD1770871J031038	1571869248029	1571869248806	OK	 
REQUEST	12		GET /devcap/capabilities/v1WDD1770871J031038	1571869248308	1571869248812	OK	 
REQUEST	14		GET /devcap/capabilities/v1WDD1770871J031038	1571869248441	1571869248815	OK	 
REQUEST	5		GET /devcap/capabilities/v1WDD1770871J031038	1571869248243	1571869248906	OK	 
REQUEST	1		GET /devcap/capabilities/v1WDD1770871J031038	1571869248217	1571869248941	OK	 
REQUEST	11		GET /devcap/capabilities/v1WDD1770871J031038	1571869247964	1571869248950	OK	 
USER	disabled	20	START	1571869249002	1571869249002
REQUEST	10		GET /devcap/capabilities/v1WDDZF4JB0HA001223	1571869248811	1571869249139	OK	 
REQUEST	13		GET /devcap/capabilities/v1WDD1770871J031038	1571869248308	1571869249147	OK	 
REQUEST	12		GET /devcap/capabilities/v1WDDZF4JB0HA001223	1571869248815	1571869249149	OK	 
USER	disabled	21	START	1571869249204	1571869249204
REQUEST	9		GET /devcap/capabilities/v1WDDZF4JB0HA001223	1571869248561	1571869249206	OK	 
REQUEST	5		GET /devcap/capabilities/v1WDDZF4JB0HA001223	1571869248910	1571869249244	OK	 
REQUEST	8		GET /devcap/capabilities/v1WDDZF4JB0HA001223	1571869248624	1571869249244	OK	 
REQUEST	2		GET /devcap/capabilities/v1WDD1770871J031038	1571869248243	1571869249316	OK	 
REQUEST	15		GET /devcap/capabilities/v1WDD1770871J031038	1571869248653	1571869249336	OK	 
REQUEST	3		GET /devcap/capabilities/v1WDDZF4JB0HA001223	1571869248636	1571869249336	OK	 
REQUEST	4		GET /devcap/capabilities/v1WDD1770871J031038	1571869248217	1571869249342	OK	 
USER	disabled	22	START	1571869249403	1571869249403
REQUEST	19		GET /devcap/capabilities/v1WDC1671211Z000054	1571869248818	1571869249412	OK	 
REQUEST	20		GET /devcap/capabilities/v1WDC1671211Z000054	1571869249014	1571869249453	OK	 
REQUEST	6		GET /devcap/capabilities/v1WDD1770871J031038	1571869248217	1571869249453	OK	 
REQUEST	17		GET /devcap/capabilities/v1WDC1671211Z000054	1571869248422	1571869249535	OK	 
USER	disabled	23	START	1571869249602	1571869249602
REQUEST	16		GET /devcap/capabilities/v1WDC1671211Z000054	1571869248225	1571869249605	OK	 
REQUEST	9		GET /devcap/capabilities/v1WDDZF4KB7HA231145	1571869249215	1571869249629	OK	 
REQUEST	3		GET /devcap/capabilities/v1WDDZF4KB7HA231145	1571869249340	1571869249726	OK	 
REQUEST	5		GET /devcap/capabilities/v1WDDZF4KB7HA231145	1571869249252	1571869249730	OK	 
REQUEST	18		GET /devcap/capabilities/v1WDC1671211Z000054	1571869248628	1571869249740	OK	 
REQUEST	8		GET /devcap/capabilities/v1WDDZF4KB7HA231145	1571869249252	1571869249745	OK	 
REQUEST	1		GET /devcap/capabilities/v1WDDZF4JB0HA001223	1571869248945	1571869249806	OK	 
USER	disabled	24	START	1571869249804	1571869249804
REQUEST	13		GET /devcap/capabilities/v1WDDZF4JB0HA001223	1571869249150	1571869249806	OK	 
REQUEST	21		GET /devcap/capabilities/v1WDC1671211Z000054	1571869249225	1571869249809	OK	 
REQUEST	10		GET /devcap/capabilities/v1WDDZF4KB7HA231145	1571869249143	1571869249809	OK	 
REQUEST	15		GET /devcap/capabilities/v1WDDZF4JB0HA001223	1571869249339	1571869249827	OK	 
REQUEST	12		GET /devcap/capabilities/v1WDDZF4KB7HA231145	1571869249152	1571869249902	OK	 
REQUEST	14		GET /devcap/capabilities/v1WDDZF4JB0HA001223	1571869248818	1571869249903	OK	 
REQUEST	6		GET /devcap/capabilities/v1WDDZF4JB0HA001223	1571869249457	1571869249927	OK	 
REQUEST	11		GET /devcap/capabilities/v1WDDZF4JB0HA001223	1571869248957	1571869249935	OK	 
USER	disabled	25	START	1571869250004	1571869250004
REQUEST	20		GET /devcap/capabilities/v1WDD1770871J031038	1571869249457	1571869250009	OK	 
REQUEST	16		GET /devcap/capabilities/v1WDD1770871J031038	1571869249609	1571869250128	OK	 
USER	disabled	26	START	1571869250202	1571869250202
REQUEST	1		GET /devcap/capabilities/v1WDDZF4KB7HA231145	1571869249811	1571869250227	OK	 
REQUEST	12		GET /devcap/capabilities/v155SWF4KB8GU164489	1571869249905	1571869250332	OK	 
REQUEST	24		GET /devcap/capabilities/v1WDC1671211Z000054	1571869249822	1571869250332	OK	 
USER	disabled	27	START	1571869250405	1571869250405
REQUEST	17		GET /devcap/capabilities/v1WDD1770871J031038	1571869249540	1571869250411	OK	 
REQUEST	19		GET /devcap/capabilities/v1WDD1770871J031038	1571869249416	1571869250413	OK	 
REQUEST	15		GET /devcap/capabilities/v1WDDZF4KB7HA231145	1571869249831	1571869250413	OK	 
USER	disabled	28	START	1571869250603	1571869250603
REQUEST	22		GET /devcap/capabilities/v1WDC1671211Z000054	1571869249418	1571869250654	OK	 
REQUEST	20		GET /devcap/capabilities/v1WDDZF4JB0HA001223	1571869250012	1571869250703	OK	 
REQUEST	18		GET /devcap/capabilities/v1WDD1770871J031038	1571869249743	1571869250703	OK	 
REQUEST	26		GET /devcap/capabilities/v1WDC1671211Z000054	1571869250216	1571869250708	OK	 
REQUEST	1		GET /devcap/capabilities/v155SWF4KB8GU164489	1571869250231	1571869250709	OK	 
REQUEST	21		GET /devcap/capabilities/v1WDD1770871J031038	1571869249814	1571869250713	OK	 
REQUEST	7		GET /devcap/capabilities/v1WDDZF4JB0HA001223	1571869248810	1571869250742	OK	 
USER	disabled	29	START	1571869250803	1571869250803
REQUEST	11		GET /devcap/capabilities/v1WDDZF4KB7HA231145	1571869249937	1571869250901	OK	 
REQUEST	8		GET /devcap/capabilities/v155SWF4KB8GU164489	1571869249748	1571869250941	OK	 
REQUEST	23		GET /devcap/capabilities/v1WDC1671211Z000054	1571869249615	1571869250942	OK	 
USER	disabled	30	START	1571869251003	1571869251003
REQUEST	17		