RUN	features.load.LoadSimulation	loadsimulation	1571869931900	 	3.0.2
USER	disabled	1	START	1571869932013	1571869932013
USER	disabled	2	START	1571869932285	1571869932285
USER	disabled	3	START	1571869932485	1571869932485
USER	disabled	4	START	1571869932685	1571869932685
USER	disabled	5	START	1571869932884	1571869932884
USER	disabled	6	START	1571869933086	1571869933086
USER	disabled	7	START	1571869933285	1571869933285
USER	disabled	8	START	1571869933485	1571869933485
USER	disabled	9	START	1571869933686	1571869933686
REQUEST	3		GET /devcap/capabilities/v1WDC1671211Z000054	1571869932737	1571869933745	OK	 
USER	disabled	10	START	1571869933886	1571869933886
REQUEST	5		GET /devcap/capabilities/v1WDC1671211Z000054	1571869932919	1571869933910	OK	 
REQUEST	6		GET /devcap/capabilities/v1WDC1671211Z000054	1571869933112	1571869934035	OK	 
USER	disabled	11	START	1571869934086	1571869934086
REQUEST	3		GET /devcap/capabilities/v1WDD1770871J031038	1571869933761	1571869934099	OK	 
REQUEST	9		GET /devcap/capabilities/v1WDC1671211Z000054	1571869933709	1571869934108	OK	 
USER	disabled	12	START	1571869934225	1571869934225
REQUEST	7		GET /devcap/capabilities/v1WDC1671211Z000054	1571869933310	1571869934295	OK	 
REQUEST	5		GET /devcap/capabilities/v1WDD1770871J031038	1571869933915	1571869934325	OK	 
REQUEST	11		GET /devcap/capabilities/v1WDC1671211Z000054	1571869934102	1571869934411	OK	 
USER	disabled	13	START	1571869934426	1571869934426
REQUEST	6		GET /devcap/capabilities/v1WDD1770871J031038	1571869934038	1571869934487	OK	 
REQUEST	8		GET /devcap/capabilities/v1WDC1671211Z000054	1571869933512	1571869934522	OK	 
REQUEST	3		GET /devcap/capabilities/v1WDDZF4JB0HA001223	1571869934105	1571869934619	OK	 
USER	disabled	14	START	1571869934625	1571869934625
REQUEST	7		GET /devcap/capabilities/v1WDD1770871J031038	1571869934301	1571869934644	OK	 
REQUEST	12		GET /devcap/capabilities/v1WDC1671211Z000054	1571869934241	1571869934684	OK	 
REQUEST	9		GET /devcap/capabilities/v1WDD1770871J031038	1571869934112	1571869934718	OK	 
REQUEST	4		GET /devcap/capabilities/v1WDC1671211Z000054	1571869932737	1571869934788	OK	 
REQUEST	11		GET /devcap/capabilities/v1WDD1770871J031038	1571869934415	1571869934814	OK	 
REQUEST	5		GET /devcap/capabilities/v1WDDZF4JB0HA001223	1571869934329	1571869934824	OK	 
USER	disabled	15	START	1571869934824	1571869934824
REQUEST	10		GET /devcap/capabilities/v1WDC1671211Z000054	1571869933909	1571869934894	OK	 
REQUEST	13		GET /devcap/capabilities/v1WDC1671211Z000054	1571869934443	1571869934895	OK	 
REQUEST	6		GET /devcap/capabilities/v1WDDZF4JB0HA001223	1571869934491	1571869934912	OK	 
REQUEST	1		GET /devcap/capabilities/v1WDC1671211Z000054	1571869932737	1571869934923	OK	 
REQUEST	14		GET /devcap/capabilities/v1WDC1671211Z000054	1571869934641	1571869934986	OK	 
REQUEST	2		GET /devcap/capabilities/v1WDC1671211Z000054	1571869932737	1571869935017	OK	 
USER	disabled	16	START	1571869935025	1571869935025
REQUEST	7		GET /devcap/capabilities/v1WDDZF4JB0HA001223	1571869934647	1571869935090	OK	 
REQUEST	12		GET /devcap/capabilities/v1WDD1770871J031038	1571869934687	1571869935117	OK	 
REQUEST	8		GET /devcap/capabilities/v1WDD1770871J031038	1571869934525	1571869935121	OK	 
REQUEST	11		GET /devcap/capabilities/v1WDDZF4JB0HA001223	1571869934820	1571869935208	OK	 
REQUEST	3		GET /devcap/capabilities/v1WDDZF4KB7HA231145	1571869934627	1571869935223	OK	 
USER	disabled	17	START	1571869935226	1571869935226
REQUEST	9		GET /devcap/capabilities/v1WDDZF4JB0HA001223	1571869934722	1571869935287	OK	 
REQUEST	5		GET /devcap/capabilities/v1WDDZF4KB7HA231145	1571869934827	1571869935307	OK	 
REQUEST	1		GET /devcap/capabilities/v1WDD1770871J031038	1571869934930	1571869935327	OK	 
REQUEST	4		GET /devcap/capabilities/v1WDD1770871J031038	1571869934793	1571869935386	OK	 
REQUEST	10		GET /devcap/capabilities/v1WDD1770871J031038	1571869934897	1571869935386	OK	 
REQUEST	13		GET /devcap/capabilities/v1WDD1770871J031038	1571869934898	1571869935412	OK	 
REQUEST	15		GET /devcap/capabilities/v1WDC1671211Z000054	1571869934839	1571869935412	OK	 
USER	disabled	18	START	1571869935424	1571869935424
REQUEST	2		GET /devcap/capabilities/v1WDD1770871J031038	1571869935020	1571869935442	OK	 
REQUEST	7		GET /devcap/capabilities/v1WDDZF4KB7HA231145	1571869935093	1571869935488	OK	 
REQUEST	6		GET /devcap/capabilities/v1WDDZF4KB7HA231145	1571869934915	1571869935515	OK	 
REQUEST	16		GET /devcap/capabilities/v1WDC1671211Z000054	1571869935040	1571869935515	OK	 
REQUEST	8		GET /devcap/capabilities/v1WDDZF4JB0HA001223	1571869935125	1571869935593	OK	 
REQUEST	11		GET /devcap/capabilities/v1WDDZF4KB7HA231145	1571869935212	1571869935617	OK	 
USER	disabled	19	START	1571869935624	1571869935624
REQUEST	14		GET /devcap/capabilities/v1WDD1770871J031038	1571869934993	1571869935629	OK	 
REQUEST	12		GET /devcap/capabilities/v1WDDZF4JB0HA001223	1571869935123	1571869935688	OK	 
REQUEST	17		GET /devcap/capabilities/v1WDC1671211Z000054	1571869935240	1571869935689	OK	 
REQUEST	5		GET /devcap/capabilities/v155SWF4KB8GU164489	1571869935311	1571869935724	OK	 
REQUEST	3		GET /devcap/capabilities/v155SWF4KB8GU164489	1571869935228	1571869935729	OK	 
REQUEST	10		GET /devcap/capabilities/v1WDDZF4JB0HA001223	1571869935392	1571869935787	OK	 
REQUEST	9		GET /devcap/capabilities/v1WDDZF4KB7HA231145	1571869935295	1571869935810	OK	 
REQUEST	15		GET /devcap/capabilities/v1WDD1770871J031038	1571869935417	1571869935819	OK	 
REQUEST	6		GET /devcap/capabilities/v155SWF4KB8GU164489	1571869935519	1571869935823	OK	 
USER	disabled	20	START	1571869935825	1571869935825
REQUEST	16		GET /devcap/capabilities/v1WDD1770871J031038	1571869935519	1571869935830	OK	 
REQUEST	13		GET /devcap/capabilities/v1WDDZF4JB0HA001223	1571869935416	1571869935909	OK	 
REQUEST	2		GET /devcap/capabilities/v1WDDZF4JB0HA001223	1571869935444	1571869935920	OK	 
REQUEST	4		GET /devcap/capabilities/v1WDDZF4JB0HA001223	1571869935392	1571869935986	OK	 
REQUEST	1		GET /devcap/capabilities/v1WDDZF4JB0HA001223	1571869935330	1571869935986	OK	 
REQUEST	18		GET /devcap/capabilities/v1WDC1671211Z000054	1571869935435	1571869936008	OK	 
USER	disabled	21	START	1571869936027	1571869936027
REQUEST	17		GET /devcap/capabilities/v1WDD1770871J031038	1571869935696	1571869936089	OK	 
REQUEST	19		GET /devcap/capabilities/v1WDC1671211Z000054	1571869935637	1571869936089	OK	 
REQUEST	5		GET /devcap/capabilities/v1WDC1671211Z000055	1571869935731	1571869936115	OK	 
REQUEST	7		GET /devcap/capabilities/v155SWF4KB8GU164489	1571869935492	1571869936117	OK	 
REQUEST	11		GET /devcap/capabilities/v155SWF4KB8GU164489	1571869935622	1571869936123	OK	 
REQUEST	15		GET /devcap/capabilities/v1WDDZF4JB0HA001223	1571869935822	1571869936139	OK	 
REQUEST	12		GET /devcap/capabilities/v1WDDZF4KB7HA231145	1571869935696	1571869936192	OK	 
REQUEST	9		GET /devcap/capabilities/v155SWF4KB8GU164489	1571869935812	1571869936214	OK	 
USER	disabled	22	START	1571869936226	1571869936226
REQUEST	14		GET /devcap/capabilities/v1WDDZF4JB0HA001223	1571869935632	1571869936288	OK	 
REQUEST	20		GET /devcap/capabilities/v1WDC1671211Z000054	1571869935838	1571869936313	OK	 
REQUEST	10		GET /devcap/capabilities/v1WDDZF4KB7HA231145	1571869935789	1571869936316	OK	 
REQUEST	3		GET /devcap/capabilities/v1WDC1671211Z000055	1571869935733	1571869936317	OK	 
REQUEST	2		GET /devcap/capabilities/v1WDDZF4KB7HA231145	1571869935924	1571869936390	OK	 
REQUEST	4		GET /devcap/capabilities/v1WDDZF4KB7HA231145	1571869935991	1571869936408	OK	 
USER	disabled	23	START	1571869936425	1571869936425
REQUEST	19		GET /devcap/capabilities/v1WDD1770871J031038	1571869936093	1571869936426	OK	 
REQUEST	17		GET /devcap/capabilities/v1WDDZF4JB0HA001223	1571869936093	1571869936497	OK	 
REQUEST	5		GET /devcap/capabilities/v1WDC1671211Z000056	1571869936121	1571869936514	OK	 
REQUEST	13		GET /devcap/capabilities/v1WDDZF4KB7HA231145	1571869935914	1571869936519	OK	 
REQUEST	1		GET /devcap/capabilities/v1WDDZF4KB7HA231145	1571869935991	1571869936525	OK	 
REQUEST	21		GET /devcap/capabilities/v1WDC1671211Z000054	1571869936038	1571869936596	OK	 
REQUEST	8		GET /devcap/capabilities/v1WDDZF4KB7HA231145	1571869935598	1571869936606	OK	 
REQUEST	7		GET /devcap/capabilities/v1WDC1671211Z000055	1571869936121	1571869936625	OK	 
USER	disabled	24	START	1571869936625	1571869936625
REQUEST	22		GET /devcap/capabilities/v1WDC1671211Z000054	1571869936240	1571869936688	OK	 
REQUEST	11		GET /devcap/capabilities/v1WDC1671211Z000055	1571869936125	1571869936690	OK	 
REQUEST	15		GET /devcap/capabilities/v1WDDZF4KB7HA231145	1571869936141	1571869936716	OK	 
REQUEST	4		GET /devcap/capabilities/v155SWF4KB8GU164489	1571869936410	1571869936731	OK	 
REQUEST	20		GET /devcap/capabilities/v1WDD1770871J031038	1571869936317	1571869936734	OK	 
REQUEST	18		GET /devcap/capabilities/v1WDD1770871J031038	1571869936015	1571869936737	OK	 
REQUEST	2		GET /devcap/capabilities/v155SWF4KB8GU164489	1571869936393	1571869936743	OK	 
REQUEST	16		GET /devcap/capabilities/v1WDDZF4JB0HA001223	1571869935833	1571869936820	OK	 
REQUEST	6		GET /devcap/capabilities/v1WDC1671211Z000055	1571869935826	1571869936824	OK	 
USER	disabled	25	START	1571869936824	1571869936824
REQUEST	5		GET /devcap/capabilities/v1WDC1671211Z000057	1571869936520	1571869936836	OK	 
REQUEST	3		GET /devcap/capabilities/v1WDC1671211Z000056	1571869936320	1571869936887	OK	 
REQUEST	10		GET /devcap/capabilities/v155SWF4KB8GU164489	1571869936320	1571869936888	OK	 
REQUEST	21		GET /devcap/capabilities/v1WDD1770871J031038	1571869936601	1571869936923	OK	 
REQUEST	14		GET /devcap/capabilities/v1WDDZF4KB7HA231145	1571869936291	1571869936922	OK	 
REQUEST	8		GET /devcap/capabilities/v155SWF4KB8GU164489	1571869936609	1571869936934	OK	 
REQUEST	23		GET /devcap/capabilities/v1WDC1671211Z000054	1571869936437	1571869936992	OK	 
REQUEST	17		GET /devcap/capabilities/v1WDDZF4KB7HA231145	1571869936502	1571869936995	OK	 
REQUEST	11		GET /devcap/capabilities/v1WDC1671211Z000056	1571869936693	1571869937010	OK	 
USER	disabled	26	START	1571869937025	1571869937025
REQUEST	13		GET /devcap/capabilities/v155SWF4KB8GU164489	1571869936522	1571869937028	OK	 
REQUEST	2		GET /devcap/capabilities/v1WDC1671211Z000055	1571869936746	1571869937055	OK	 
REQUEST	15		GET /devcap/capabilities/v155SWF4KB8GU164489	1571869936719	1571869937115	OK	 
REQUEST	6		GET /devcap/capabilities/v1WDC1671211Z000056	1571869936826	1571869937122	OK	 
REQUEST	24		GET /devcap/capabilities/v1WDC1671211Z000054	1571869936638	1571869937184	OK	 
REQUEST	7		GET /devcap/capabilities/v1WDC1671211Z000056	1571869936629	1571869937184	OK	 
REQUEST	12		GET /devcap/capabilities/v155SWF4KB8GU164489	1571869936196	1571869937208	OK	 
REQUEST	10		GET /devcap/capabilities/v1WDC1671211Z000055	1571869936891	1571869937218	OK	 
REQUEST	20		GET /devcap/capabilities/v1WDDZF4JB0HA001223	1571869936737	1571869937220	OK	 
USER	disabled	27	START	1571869937227	1571869937227
REQUEST	21		GET /devcap/capabilities/v1WDDZF4JB0HA001223	1571869936927	1571869937231	OK	 
REQUEST	18		GET /devcap/capabilities/v1WDDZF4JB0HA001223	1571869936740	1571869937285	OK	 
REQUEST	5		GET /devcap/capabilities/v1WDC1671211Z000058	1571869936841	1571869937294	OK	 
REQUEST	8		GET /devcap/capabilities/v1WDC1671211Z000055	1571869936938	1571869937307	OK	 
REQUEST	13		GET /devcap/capabilities/v1WDC1671211Z000055	1571869937032	1571869937406	OK	 
REQUEST	26		GET /devcap/capabilities/v1WDC1671211Z000054	1571869937036	1571869937410	OK	 
REQUEST	3		GET /devcap/capabilities/v1WDC1671211Z000057	1571869936890	1571869937417	OK	 
USER	disabled	28	START	1571869937426	1571869937426
REQUEST	16		GET /devcap/capabilities/v1WDDZF4KB7HA231145	1571869936823	1571869937429	OK	 
REQUEST	23		GET /devcap/capabilities/v1WDD1770871J031038	1571869936995	1571869937497	OK	 
REQUEST	19		GET /devcap/capabilities/v1WDDZF4JB0HA001223	1571869936429	1571869937514	OK	 
REQUEST	14		GET /devcap/capabilities/v155SWF4KB8GU164489	1571869936927	1571869937542	OK	 
REQUEST	20		GET /devcap/capabilities/v1WDDZF4KB7HA231145	1571869937223	1571869937556	OK	 
REQUEST	2		GET /devcap/capabilities/v1WDC1671211Z000056	1571869937057	1571869937589	OK	 
REQUEST	11		GET /devcap/capabilities/v1WDC1671211Z000057	1571869937012	1571869937599	OK	 
USER	disabled	29	START	1571869937626	1571869937626
REQUEST	18		GET /devcap/capabilities/v1WDDZF4KB7HA231145	1571869937289	1571869937688	OK	 
REQUEST	12		GET /devcap/capabilities/v1WDC1671211Z000055	1571869937211	1571869937688	OK	 
REQUEST	8		GET /devcap/capabilities/v1WDC1671211Z000056	1571869937311	1571869937716	OK	 
REQUEST	25		GET /devcap/capabilities/v1WDC1671211Z000054	1571869936836	1571869937717	OK	 
REQUEST	22		GET /devcap/capabilities/v1WDD1770871J031038	1571869936691	1571869937720	OK	 
REQUEST	1		GET /devcap/capabilities/v155SWF4KB8GU164489	1571869936528	1571869937721	OK	 
REQUEST	9		GET /devcap/capabilities/v1WDC1671211Z000055	1571869936219	1571869937730	OK	 
REQUEST	17		GET /devcap/capabilities/v155SWF4KB8GU164489	1571869936998	1571869937788	OK	 
REQUEST	26		GET /devcap/capabilities/v1WDD1770871J031038	1571869937413	1571869937808	OK	 
USER	disabled	30	START	1571869937827	1571869937827
REQUEST	5		GET /devcap/capabilities/v1WDC1671211Z000059	1571869937301	1571869937887	OK	 
REQUEST	4		GET /devcap/capabilities/v1WDC1671211Z000055	1571869936735	1571869937890	OK	 
REQUEST	21		GET /devcap/capabilities/v1WDDZF4KB7HA231145	1571869937234	1571869937891	OK	 
REQUEST	15		GET /devcap/capabilities/v1WDC1671211Z000055	1571869937118	1571869937919	OK	 
REQUEST	27		GET /devcap/capabilities/v1WDC1671211Z000054	1571869937239	1571869937923	OK	 
REQUEST	6		GET /devcap/capabilities/v1WDC1671211Z000057	1571869937124	1571869937925	OK	 
REQUEST	7		GET /devcap/capabilities/v1WDC1671211Z000057	1571869937187	1571869937927	OK	 
REQUEST	14		GET /devcap/capabilities/v1WDC1671211Z000055	1571869937546	1571869937928	OK	 
REQUEST	16		GET /devcap/capabilities/v155SWF4KB8GU164489	1571869937432	1571869937985	OK	 
REQUEST	3		GET /devcap/capabilities/v1WDC1671211Z000058	1571869937420	1571869937986	OK	 
REQUEST	2		GET /devcap/capabilities/v1WDC1671211Z000057	1571869937605	1571869938007	OK	 
REQUEST	28		GET /devcap/capabilities/v1WDC1671211Z000054	1571869937437	1571869938012	OK	 
REQUEST	23		GET /devcap/capabilities/v1WDDZF4JB0HA001223	1571869937500	1571869938015	OK	 
USER	disabled	31	START	1571869938024	1571869938024
REQUEST	10		GET /devcap/capabilities/v1WDC1671211Z000056	1571869937222	1571869938047	OK	 
REQUEST	1		GET /devcap/capabilities/v1WDC1671211Z000055	1571869937723	1571869938109	OK	 
REQUEST	19		GET /devcap/capabilities/v1WDDZF4KB7HA231145	1571869937518	1571869938120	OK	 
REQUEST	20		GET /devcap/capabilities/v155SWF4KB8GU164489	1571869937558	1571869938126	OK	 
REQUEST	8		GET /devcap/capabilities/v1WDC1671211Z000057	1571869937719	1571869938128	OK	 
REQUEST	29		GET /devcap/capabilities/v1WDC1671211Z000054	1571869937637	1571869938192	OK	 
REQUEST	17		GET /devcap/capabilities/v1WDC1671211Z000055	1571869937790	1571869938209	OK	 
REQUEST	13		GET /devcap/capabilities/v1WDC1671211Z000056	1571869937409	1571869938223	OK	 
USER	disabled	32	START	1571869938225	1571869938225
REQUEST	12		GET /devcap/capabilities/v1WDC1671211Z000056	1571869937692	1571869938287	OK	 
REQUEST	30		GET /devcap/capabilities/v1WDC1671211Z000054	1571869937835	1571869938307	OK	 
REQUEST	9		GET /devcap/capabilities/v1WDC1671211Z000056	1571869937732	1571869938310	OK	 
REQUEST	24		GET /devcap/capabilities/v1WDD1770871J031038	1571869937187	1571869938324	OK	 
REQUEST	15		GET /devcap/capabilities/v1WDC1671211Z000056	1571869937922	1571869938385	OK	 
REQUEST	6		GET /devcap/capabilities/v1WDC1671211Z000058	1571869937927	1571869938388	OK	 
REQUEST	18		GET /devcap/capabilities/v155SWF4KB8GU164489	1571869937691	1571869938390	OK	 
REQUEST	14		GET /devcap/capabilities/v1WDC1671211Z000056	1571869937930	1571869938413	OK	 
REQUEST	4		GET /devcap/capabilities/v1WDC1671211Z000056	1571869937893	1571869938413	OK	 
USER	disabled	33	START	1571869938426	1571869938426
REQUEST	8		GET /devcap/capabilities/v1WDC1671211Z000058	1571869938131	1571869938512	OK	 
REQUEST	21		GET /devcap/capabilities/v155SWF4KB8GU164489	1571869937893	1571869938517	OK	 
REQUEST	27		